2020-07-09 18:08:50.458  INFO 7724 --- [main] lavalink.server.Launcher                 : 

[32m       .  [31m _                  _ _       _    [32m__ _ _
[32m      /\\ [31m| | __ ___   ____ _| (_)_ __ | | __[32m\ \ \ \
[32m     ( ( )[31m| |/ _` \ \ / / _` | | | '_ \| |/ /[32m \ \ \ \
[32m      \\/ [31m| | (_| |\ V / (_| | | | | | |   < [32m  ) ) ) )
[32m       '  [31m|_|\__,_| \_/ \__,_|_|_|_| |_|_|\_\[32m / / / /
[0m    =========================================[32m/_/_/_/[0m

	Version:        3.3.1
	Build:          997
	Build time:     25.03.2020 12:30:43 UTC
	Branch          master
	Commit:         29f68ba
	Commit time:    25.03.2020 12:28:48 UTC
	JVM:            13.0.2
	Lavaplayer      1.3.38

2020-07-09 18:08:50.530  INFO 7724 --- [main] o.s.boot.SpringApplication               : 
  .   ____          _            __ _ _
 /\\ / ___'_ __ _ _(_)_ __  __ _ \ \ \ \
( ( )\___ | '_ | '_| | '_ \/ _` | \ \ \ \
 \\/  ___)| |_)| | | | | || (_| |  ) ) ) )
  '  |____| .__|_| |_|_| |_\__, | / / / /
 =========|_|==============|___/=/_/_/_/
 :: Spring Boot ::        (v2.1.8.RELEASE)


2020-07-09 18:08:50.611  INFO 7724 --- [main] lavalink.server.Launcher                 : Starting Launcher on Baccara with PID 7724 (H:\GitHub\ShoukoBOT NEW V12\utils\lavalink\Lavalink.jar started by Baccara in H:\GitHub\ShoukoBOT NEW V12\utils\lavalink)
2020-07-09 18:08:50.612  INFO 7724 --- [main] lavalink.server.Launcher                 : No active profile set, falling back to default profiles: default
2020-07-09 18:08:50.657  WARN 7724 --- [background-preinit] o.s.h.c.j.Jackson2ObjectMapperBuilder    : For Jackson Kotlin classes support please add "com.fasterxml.jackson.module:jackson-module-kotlin" to the classpath
2020-07-09 18:08:51.711  WARN 7724 --- [main] io.undertow.websockets.jsr               : UT026010: Buffer pool was not set on WebSocketDeploymentInfo, the default pool will be used
2020-07-09 18:08:51.728  INFO 7724 --- [main] io.undertow.servlet                      : Initializing Spring embedded WebApplicationContext
2020-07-09 18:08:51.729  INFO 7724 --- [main] o.s.web.context.ContextLoader            : Root WebApplicationContext: initialization completed in 1078 ms
2020-07-09 18:08:52.076  WARN 7724 --- [main] l.server.config.SentryConfiguration      : Turning off sentry
2020-07-09 18:08:52.082  INFO 7724 --- [main] l.s.c.AudioSendFactoryConfiguration      : OS: Windows 10, Arch: amd64
2020-07-09 18:08:52.083  INFO 7724 --- [main] l.s.c.AudioSendFactoryConfiguration      : JDA-NAS supported system detected. Enabled native audio sending.
2020-07-09 18:08:52.083  INFO 7724 --- [main] l.s.c.AudioSendFactoryConfiguration      : Setting buffer to 400ms
2020-07-09 18:08:52.084  INFO 7724 --- [main] l.s.c.AudioSendFactoryConfiguration      : Setting playlist load limit to 6
2020-07-09 18:08:52.446  INFO 7724 --- [main] c.s.d.l.tools.GarbageCollectionMonitor   : GC monitoring enabled, reporting results every 2 minutes.
2020-07-09 18:08:53.092  INFO 7724 --- [main] o.s.s.concurrent.ThreadPoolTaskExecutor  : Initializing ExecutorService 'applicationTaskExecutor'
2020-07-09 18:08:53.478  INFO 7724 --- [main] org.xnio                                 : XNIO version 3.3.8.Final
2020-07-09 18:08:53.488  INFO 7724 --- [main] org.xnio.nio                             : XNIO NIO Implementation Version 3.3.8.Final
2020-07-09 18:08:53.650  INFO 7724 --- [main] o.s.b.w.e.u.UndertowServletWebServer     : Undertow started on port(s) 2635 (http) with context path ''
2020-07-09 18:08:53.654  INFO 7724 --- [main] lavalink.server.Launcher                 : Started Launcher in 3.552 seconds (JVM running for 4.297)
2020-07-09 18:09:11.232  INFO 7724 --- [XNIO-1 task-1] io.undertow.servlet                      : Initializing Spring DispatcherServlet 'dispatcherServlet'
2020-07-09 18:09:11.233  INFO 7724 --- [XNIO-1 task-1] o.s.web.servlet.DispatcherServlet        : Initializing Servlet 'dispatcherServlet'
2020-07-09 18:09:11.239  INFO 7724 --- [XNIO-1 task-1] o.s.web.servlet.DispatcherServlet        : Completed initialization in 5 ms
2020-07-09 18:09:11.255  INFO 7724 --- [XNIO-1 task-1] l.server.io.HandshakeInterceptorImpl     : Incoming connection from /127.0.0.1:64679
2020-07-09 18:09:11.351  INFO 7724 --- [XNIO-1 task-1] lavalink.server.io.SocketServer          : Connection successfully established from /127.0.0.1:64679
2020-07-09 18:13:15.923  INFO 7724 --- [XNIO-1 I/O-5] lavalink.server.io.SocketServer          : Connection closed from /127.0.0.1:64679 -- CloseStatus[code=1006, reason=]
2020-07-09 18:13:15.924  INFO 7724 --- [XNIO-1 I/O-5] lavalink.server.io.SocketContext         : Shutting down 0 playing players.
2020-07-09 18:13:28.269  INFO 7724 --- [XNIO-1 task-2] l.server.io.HandshakeInterceptorImpl     : Incoming connection from /127.0.0.1:64761
2020-07-09 18:13:28.275  INFO 7724 --- [XNIO-1 task-2] lavalink.server.io.SocketServer          : Connection successfully established from /127.0.0.1:64761
2020-07-09 18:13:38.835  INFO 7724 --- [XNIO-1 I/O-7] lavalink.server.io.SocketServer          : Connection closed from /127.0.0.1:64761 -- CloseStatus[code=1006, reason=]
2020-07-09 18:13:38.835  INFO 7724 --- [XNIO-1 I/O-7] lavalink.server.io.SocketContext         : Shutting down 0 playing players.
2020-07-09 18:23:03.407  INFO 7724 --- [Thread-1] o.s.s.concurrent.ThreadPoolTaskExecutor  : Shutting down ExecutorService 'applicationTaskExecutor'
2020-07-09 18:23:03.408  INFO 7724 --- [Thread-1] c.s.d.l.tools.GarbageCollectionMonitor   : GC monitoring disabled.
2020-07-09 18:23:03.410  INFO 7724 --- [Thread-1] io.undertow.servlet                      : Destroying Spring FrameworkServlet 'dispatcherServlet'
